[Sunday/April 03/04/2022 15:46:10] "Rivals of Aether 2 looks INCREDIBLE" | https://www.youtube.com/watch?v=eQdFqsC3ixk | length=186.241 | time=0 | clip=paste
[Sunday/April 03/04/2022 15:48:48] "Final Fantasy on Steam Deck" | https://www.youtube.com/watch?v=1kuekjRuWt4 | length=1051.028 | time=0 | clip=paste
[Sunday/April 03/04/2022 16:00:22] "Josh, you ruined my game" | https://www.youtube.com/watch?v=94n2jZeHD7k | length=220.519857 | time=44 | clip=paste
[Sunday/April 03/04/2022 16:04:47] https://www.youtube.com/watch?v=NkOlL4lD7_c | length=220.519857 | time=0 | clip=paste
[Sunday/April 03/04/2022 16:08:38] https://www.youtube.com/watch?v=UL6RVp4WI5I | length=734.702539 | time=0 | clip=paste
[Sunday/April 03/04/2022 16:37:52] https://www.youtube.com/watch?v=u3ex_em8aPo | length=734.702539 | time=0 | clip=paste
[Sunday/April 03/04/2022 17:19:17] "I actually hate videogames" | https://www.youtube.com/watch?v=vnpjCrAOgNY | length=65.317708 | time=0 | clip=paste
[Sunday/April 03/04/2022 17:20:46] "Is British just part of your online personality?" | https://www.youtube.com/watch?v=92YxLf_nyOA | length=60.882682 | time=0 | clip=paste
[Sunday/April 03/04/2022 17:57:42] "Reviewing The Wii U And Every Launch Game" | https://www.youtube.com/watch?v=cxJcdcpifgA | length=2608.994083 | time=0 | clip=paste
[Sunday/April 03/04/2022 18:47:43] https://www.youtube.com/watch?v=KnecYWlURDY | length=1240.688605 | time=0 | clip=paste
[Sunday/April 03/04/2022 19:16:48] https://www.youtube.com/watch?v=bs--wWcFb9o | length=1020.0526 | time=0 | clip=paste
[Sunday/April 03/04/2022 19:40:38] https://www.youtube.com/watch?v=wN2WdO4c_jM | length=484.344987 | time=0 | clip=paste
[Sunday/April 03/04/2022 19:48:27] https://www.youtube.com/watch?v=49HcKtlh0nw | length=412.711467 | time=0 | clip=paste
[Sunday/April 03/04/2022 21:48:55] https://www.youtube.com/watch?v=WxNXVC_2nP8 | length=1187.861 | time=0 | clip=paste
[Sunday/April 03/04/2022 23:45:39] https://www.youtube.com/watch?v=K0vR5PS1afo | length=369.061 | time=0 | clip=paste
[Sunday/April 03/04/2022 23:56:36] https://www.youtube.com/watch?v=VqmRBIaUneM | length=592.301 | time=0 | clip=paste
[Monday/April 04/04/2022 00:09:48] https://www.youtube.com/watch?v=-R7hSYHDj00 | length=610.701 | time=0 | clip=paste
[Monday/April 04/04/2022 00:22:13] https://www.youtube.com/watch?v=lN6tApNYrv8 | length=674.741 | time=0 | clip=paste
[Monday/April 04/04/2022 00:36:18] "Mega Twins / Chiki Chiki Boys - Capcom CP System - CPSTRAVAGANZA" | https://www.youtube.com/watch?v=tv0p0qyf7Ww | length=607.481 | time=0 | clip=paste
[Monday/April 04/04/2022 00:52:41] "Metal Slug - The Beginning of an Amazing Neo Geo Franchise! - Metal Slug Mania - AES / MVS" | https://www.youtube.com/watch?v=9Z1WJ3LfMdI | length=609.121 | time=73 | clip=paste
[Monday/April 04/04/2022 01:01:48] https://www.youtube.com/watch?v=0sMA5anEuJo | length=609.121 | time=0 | clip=paste
[Monday/April 04/04/2022 01:14:41] https://www.youtube.com/watch?v=pxmd7osnlJY | length=535.541 | time=0 | clip=paste
[Monday/April 04/04/2022 17:58:04] "Let's Make My OpenBSD Desktop Great Together 2022-04-04 17:58" | https://www.youtube.com/watch?v=FUaqh7ieaUM | length=4.9771333333333 | time=0 | clip=paste
[Monday/April 04/04/2022 18:24:13] https://www.youtube.com/watch?v=8MFCpDDsmaM | length=615.821 | time=0 | clip=paste
[Monday/April 04/04/2022 18:38:01] https://www.youtube.com/watch?v=QOI-WE9sGw0 | length=343.001 | time=0 | clip=paste
[Monday/April 04/04/2022 18:45:47] https://www.youtube.com/watch?v=GNCJqeFrTUI | length=398.981 | time=0 | clip=paste
[Monday/April 04/04/2022 19:02:48] https://www.youtube.com/watch?v=I1O1QIcat44 | length=709.641 | time=0 | clip=paste
[Monday/April 04/04/2022 19:12:24] https://www.youtube.com/watch?v=h169_a_NmWQ | length=622.801 | time=0 | clip=paste
[Monday/April 04/04/2022 19:25:40] https://www.youtube.com/watch?v=Aj8IViYZpdE | length=649.581 | time=0 | clip=paste
[Monday/April 04/04/2022 19:38:22] https://www.youtube.com/watch?v=C6onrnPnl7E | length=543.381 | time=0 | clip=paste
[Tuesday/April 05/04/2022 00:27:54] "Rexouium and Canis AFK Tablet Animation Demo" | https://www.youtube.com/watch?v=DybZ1IlGbL4 | length=72.061 | time=0 | clip=paste
[Tuesday/April 05/04/2022 01:07:28] https://www.youtube.com/watch?v=md8nInMGhFY | length=42.961 | time=0 | clip=paste
[Tuesday/April 05/04/2022 01:08:19] https://www.youtube.com/watch?v=mFLiY3jp70o | length=29.341 | time=0 | clip=paste
[Tuesday/April 05/04/2022 01:09:36] https://www.youtube.com/watch?v=jlkMBI2UH2M | length=35.501 | time=0 | clip=paste
[Tuesday/April 05/04/2022 01:10:07] https://www.youtube.com/watch?v=x0Z9I0hvwLo | length=19.781 | time=0 | clip=paste
[Tuesday/April 05/04/2022 01:12:16] https://www.youtube.com/watch?v=u25WXLlZGAQ | length=75.821 | time=0 | clip=paste
[Tuesday/April 05/04/2022 01:13:18] https://www.youtube.com/watch?v=JplwEZvg_uA | length=12.501 | time=0 | clip=paste
[Tuesday/April 05/04/2022 01:16:11] https://www.youtube.com/watch?v=ZV5U3tr9LtI | length=5.361 | time=0 | clip=paste
[Tuesday/April 05/04/2022 01:19:41] "Legoshi's Voice Actor VTubes As Legoshi...?" | https://www.youtube.com/watch?v=ZV5U3tr9LtI | length=386.241 | time=192.525 | clip=copy
[Tuesday/April 05/04/2022 01:19:46] https://www.youtube.com/watch?v=HIUGKWmGPUM | length=386.241 | time=0 | clip=paste
[Tuesday/April 05/04/2022 01:21:34] https://www.youtube.com/watch?v=vY9ieiR61qA | length=69.201 | time=0 | clip=paste
[Tuesday/April 05/04/2022 01:22:34] https://www.youtube.com/watch?v=H-QKkuYeTLc | length=45.321 | time=0 | clip=paste
[Tuesday/April 05/04/2022 01:24:50] https://www.youtube.com/watch?v=7YBDPi_cXFM | length=96.561 | time=0 | clip=paste
[Tuesday/April 05/04/2022 01:27:03] https://www.youtube.com/watch?v=1J5Mc_7GwEA | length=49.061 | time=0 | clip=paste
[Tuesday/April 05/04/2022 01:28:33] https://youtu.be/oI1ZN2H-gzA | length=66.541 | time=0 | clip=paste
[Tuesday/April 05/04/2022 01:29:35] https://youtu.be/kdQDg5Rywo8 | length=49.021 | time=0 | clip=paste
[Tuesday/April 05/04/2022 01:31:12] https://youtu.be/SOceYlhCwjs | length=18.061 | time=0 | clip=paste
[Tuesday/April 05/04/2022 01:33:18] https://youtu.be/GSV5UDaTXDA | length=82.041 | time=0 | clip=paste
[Tuesday/April 05/04/2022 01:35:12] https://www.youtube.com/watch?v=7fBpBfsMYIc | length=57.621 | time=0 | clip=paste
[Tuesday/April 05/04/2022 01:36:37] https://www.youtube.com/watch?v=3iBBZ9L4UDU | length=49.421 | time=0 | clip=paste
[Tuesday/April 05/04/2022 01:38:44] https://www.youtube.com/watch?v=-LTtripsg5U | length=90.381 | time=0 | clip=paste
[Tuesday/April 05/04/2022 01:39:06] https://www.youtube.com/watch?v=9g4dEQMna2g | length=5.661 | time=0 | clip=paste
[Tuesday/April 05/04/2022 01:46:24] https://www.youtube.com/watch?v=DOS4vv2WxgA | length=270.141 | time=0 | clip=paste
[Tuesday/April 05/04/2022 01:49:43] https://www.youtube.com/watch?v=ZNthcDIxf6w | length=17.161 | time=0 | clip=paste
[Tuesday/April 05/04/2022 01:55:52] https://www.youtube.com/watch?v=kdf_QZUMJvk | length=381.941 | time=0 | clip=paste
[Tuesday/April 05/04/2022 02:01:54] https://www.youtube.com/watch?v=sK_PdwL5Y8g | length=399.721 | time=0 | clip=paste
[Tuesday/April 05/04/2022 04:01:45] "Valorant No Es La Gran Cosa......" | https://youtu.be/Rg-hUwz1I0g | length=537.341 | time=0 | clip=paste
[Tuesday/April 05/04/2022 04:13:25] "Should You Say Gnu/Linux: No Probably Not" | https://www.youtube.com/watch?v=EM9oLBepePs | length=462.221 | time=0 | clip=paste
[Tuesday/April 05/04/2022 04:28:05] "(April Fools) The Owl House is Garbage and Here's Why" | https://www.youtube.com/watch?v=SElTIZg1OdI | length=7320.041 | time=0 | clip=paste
